26-Apr-2017 14:08:26.413 INFO [main] org.apache.catalina.startup.VersionLoggerListener.log Server version:        Apache Tomcat/9.0.0.M19
26-Apr-2017 14:08:26.419 INFO [main] org.apache.catalina.startup.VersionLoggerListener.log Server built:          Mar 27 2017 12:09:59 UTC
26-Apr-2017 14:08:26.419 INFO [main] org.apache.catalina.startup.VersionLoggerListener.log Server number:         9.0.0.0
26-Apr-2017 14:08:26.419 INFO [main] org.apache.catalina.startup.VersionLoggerListener.log OS Name:               Windows 10
26-Apr-2017 14:08:26.419 INFO [main] org.apache.catalina.startup.VersionLoggerListener.log OS Version:            10.0
26-Apr-2017 14:08:26.419 INFO [main] org.apache.catalina.startup.VersionLoggerListener.log Architecture:          amd64
26-Apr-2017 14:08:26.419 INFO [main] org.apache.catalina.startup.VersionLoggerListener.log Java Home:             C:\Program Files\Java\jdk1.8.0_71\jre
26-Apr-2017 14:08:26.419 INFO [main] org.apache.catalina.startup.VersionLoggerListener.log JVM Version:           1.8.0_71-b15
26-Apr-2017 14:08:26.420 INFO [main] org.apache.catalina.startup.VersionLoggerListener.log JVM Vendor:            Oracle Corporation
26-Apr-2017 14:08:26.420 INFO [main] org.apache.catalina.startup.VersionLoggerListener.log CATALINA_BASE:         C:\Users\Admin\Desktop\Current Classwork\Spring 2017\CSE 135\cse135_project\tomcat
26-Apr-2017 14:08:26.421 INFO [main] org.apache.catalina.startup.VersionLoggerListener.log CATALINA_HOME:         C:\Users\Admin\Desktop\Current Classwork\Spring 2017\CSE 135\cse135_project\tomcat
26-Apr-2017 14:08:26.421 INFO [main] org.apache.catalina.startup.VersionLoggerListener.log Command line argument: -Djava.util.logging.config.file=C:\Users\Admin\Desktop\Current Classwork\Spring 2017\CSE 135\cse135_project\tomcat\conf\logging.properties
26-Apr-2017 14:08:26.421 INFO [main] org.apache.catalina.startup.VersionLoggerListener.log Command line argument: -Djava.util.logging.manager=org.apache.juli.ClassLoaderLogManager
26-Apr-2017 14:08:26.423 INFO [main] org.apache.catalina.startup.VersionLoggerListener.log Command line argument: -Djdk.tls.ephemeralDHKeySize=2048
26-Apr-2017 14:08:26.423 INFO [main] org.apache.catalina.startup.VersionLoggerListener.log Command line argument: -Djava.protocol.handler.pkgs=org.apache.catalina.webresources
26-Apr-2017 14:08:26.423 INFO [main] org.apache.catalina.startup.VersionLoggerListener.log Command line argument: -Dcatalina.base=C:\Users\Admin\Desktop\Current Classwork\Spring 2017\CSE 135\cse135_project\tomcat
26-Apr-2017 14:08:26.423 INFO [main] org.apache.catalina.startup.VersionLoggerListener.log Command line argument: -Dcatalina.home=C:\Users\Admin\Desktop\Current Classwork\Spring 2017\CSE 135\cse135_project\tomcat
26-Apr-2017 14:08:26.426 INFO [main] org.apache.catalina.startup.VersionLoggerListener.log Command line argument: -Djava.io.tmpdir=C:\Users\Admin\Desktop\Current Classwork\Spring 2017\CSE 135\cse135_project\tomcat\temp
26-Apr-2017 14:08:26.426 INFO [main] org.apache.catalina.core.AprLifecycleListener.lifecycleEvent Loaded APR based Apache Tomcat Native library 1.2.12 using APR version 1.5.2.
26-Apr-2017 14:08:26.426 INFO [main] org.apache.catalina.core.AprLifecycleListener.lifecycleEvent APR capabilities: IPv6 [true], sendfile [true], accept filters [false], random [true].
26-Apr-2017 14:08:26.426 INFO [main] org.apache.catalina.core.AprLifecycleListener.lifecycleEvent APR/OpenSSL configuration: useAprConnector [false], useOpenSSL [true]
26-Apr-2017 14:08:27.058 INFO [main] org.apache.catalina.core.AprLifecycleListener.initializeSSL OpenSSL successfully initialized (OpenSSL 1.0.2k  26 Jan 2017)
26-Apr-2017 14:08:27.255 INFO [main] org.apache.coyote.AbstractProtocol.init Initializing ProtocolHandler ["http-nio-9999"]
26-Apr-2017 14:08:28.817 INFO [main] org.apache.tomcat.util.net.NioSelectorPool.getSharedSelector Using a shared selector for servlet write/read
26-Apr-2017 14:08:28.819 INFO [main] org.apache.coyote.AbstractProtocol.init Initializing ProtocolHandler ["ajp-nio-8009"]
26-Apr-2017 14:08:28.857 INFO [main] org.apache.tomcat.util.net.NioSelectorPool.getSharedSelector Using a shared selector for servlet write/read
26-Apr-2017 14:08:28.857 INFO [main] org.apache.catalina.startup.Catalina.load Initialization processed in 2923 ms
26-Apr-2017 14:08:28.888 INFO [main] org.apache.catalina.core.StandardService.startInternal Starting service Catalina
26-Apr-2017 14:08:28.888 INFO [main] org.apache.catalina.core.StandardEngine.startInternal Starting Servlet Engine: Apache Tomcat/9.0.0.M19
26-Apr-2017 14:08:28.899 INFO [main] org.apache.catalina.startup.HostConfig.deployDirectory Deploying web application directory C:\Users\Admin\Desktop\Current Classwork\Spring 2017\CSE 135\cse135_project\tomcat\webapps\docs
26-Apr-2017 14:08:29.227 INFO [main] org.apache.catalina.startup.HostConfig.deployDirectory Deployment of web application directory C:\Users\Admin\Desktop\Current Classwork\Spring 2017\CSE 135\cse135_project\tomcat\webapps\docs has finished in 327 ms
26-Apr-2017 14:08:29.228 INFO [main] org.apache.catalina.startup.HostConfig.deployDirectory Deploying web application directory C:\Users\Admin\Desktop\Current Classwork\Spring 2017\CSE 135\cse135_project\tomcat\webapps\examples
26-Apr-2017 14:08:29.709 INFO [main] org.apache.catalina.startup.HostConfig.deployDirectory Deployment of web application directory C:\Users\Admin\Desktop\Current Classwork\Spring 2017\CSE 135\cse135_project\tomcat\webapps\examples has finished in 480 ms
26-Apr-2017 14:08:29.709 INFO [main] org.apache.catalina.startup.HostConfig.deployDirectory Deploying web application directory C:\Users\Admin\Desktop\Current Classwork\Spring 2017\CSE 135\cse135_project\tomcat\webapps\host-manager
26-Apr-2017 14:08:29.757 INFO [main] org.apache.catalina.startup.HostConfig.deployDirectory Deployment of web application directory C:\Users\Admin\Desktop\Current Classwork\Spring 2017\CSE 135\cse135_project\tomcat\webapps\host-manager has finished in 48 ms
26-Apr-2017 14:08:29.757 INFO [main] org.apache.catalina.startup.HostConfig.deployDirectory Deploying web application directory C:\Users\Admin\Desktop\Current Classwork\Spring 2017\CSE 135\cse135_project\tomcat\webapps\manager
26-Apr-2017 14:08:29.796 INFO [main] org.apache.catalina.startup.HostConfig.deployDirectory Deployment of web application directory C:\Users\Admin\Desktop\Current Classwork\Spring 2017\CSE 135\cse135_project\tomcat\webapps\manager has finished in 39 ms
26-Apr-2017 14:08:29.796 INFO [main] org.apache.catalina.startup.HostConfig.deployDirectory Deploying web application directory C:\Users\Admin\Desktop\Current Classwork\Spring 2017\CSE 135\cse135_project\tomcat\webapps\ROOT
26-Apr-2017 14:08:29.818 INFO [main] org.apache.catalina.startup.HostConfig.deployDirectory Deployment of web application directory C:\Users\Admin\Desktop\Current Classwork\Spring 2017\CSE 135\cse135_project\tomcat\webapps\ROOT has finished in 22 ms
26-Apr-2017 14:08:29.820 INFO [main] org.apache.coyote.AbstractProtocol.start Starting ProtocolHandler ["http-nio-9999"]
26-Apr-2017 14:08:29.860 INFO [main] org.apache.coyote.AbstractProtocol.start Starting ProtocolHandler ["ajp-nio-8009"]
26-Apr-2017 14:08:29.878 INFO [main] org.apache.catalina.startup.Catalina.start Server startup in 1019 ms
26-Apr-2017 14:13:20.853 INFO [ContainerBackgroundProcessor[StandardEngine[Catalina]]] org.apache.catalina.startup.HostConfig.deployDirectory Deploying web application directory C:\Users\Admin\Desktop\Current Classwork\Spring 2017\CSE 135\cse135_project\tomcat\webapps\New folder
26-Apr-2017 14:13:20.925 INFO [ContainerBackgroundProcessor[StandardEngine[Catalina]]] org.apache.catalina.startup.HostConfig.deployDirectory Deployment of web application directory C:\Users\Admin\Desktop\Current Classwork\Spring 2017\CSE 135\cse135_project\tomcat\webapps\New folder has finished in 73 ms
26-Apr-2017 14:13:31.435 INFO [ContainerBackgroundProcessor[StandardEngine[Catalina]]] org.apache.catalina.startup.HostConfig.undeploy Undeploying context [/New folder]
26-Apr-2017 14:14:51.774 INFO [ContainerBackgroundProcessor[StandardEngine[Catalina]]] org.apache.catalina.startup.HostConfig.deployDirectory Deploying web application directory C:\Users\Admin\Desktop\Current Classwork\Spring 2017\CSE 135\cse135_project\tomcat\webapps\home
26-Apr-2017 14:14:51.807 INFO [ContainerBackgroundProcessor[StandardEngine[Catalina]]] org.apache.catalina.startup.HostConfig.deployDirectory Deployment of web application directory C:\Users\Admin\Desktop\Current Classwork\Spring 2017\CSE 135\cse135_project\tomcat\webapps\home has finished in 33 ms
26-Apr-2017 14:15:02.950 INFO [Thread-5] org.apache.coyote.AbstractProtocol.pause Pausing ProtocolHandler ["http-nio-9999"]
26-Apr-2017 14:15:03.082 INFO [Thread-5] org.apache.coyote.AbstractProtocol.pause Pausing ProtocolHandler ["ajp-nio-8009"]
26-Apr-2017 14:15:03.203 INFO [Thread-5] org.apache.catalina.core.StandardService.stopInternal Stopping service Catalina
26-Apr-2017 14:15:03.263 INFO [Thread-5] org.apache.coyote.AbstractProtocol.stop Stopping ProtocolHandler ["http-nio-9999"]
26-Apr-2017 14:15:03.267 INFO [Thread-5] org.apache.coyote.AbstractProtocol.stop Stopping ProtocolHandler ["ajp-nio-8009"]
26-Apr-2017 14:15:03.271 INFO [Thread-5] org.apache.coyote.AbstractProtocol.destroy Destroying ProtocolHandler ["http-nio-9999"]
26-Apr-2017 14:15:03.273 INFO [Thread-5] org.apache.coyote.AbstractProtocol.destroy Destroying ProtocolHandler ["ajp-nio-8009"]
26-Apr-2017 14:15:09.551 INFO [main] org.apache.catalina.startup.VersionLoggerListener.log Server version:        Apache Tomcat/9.0.0.M19
26-Apr-2017 14:15:09.553 INFO [main] org.apache.catalina.startup.VersionLoggerListener.log Server built:          Mar 27 2017 12:09:59 UTC
26-Apr-2017 14:15:09.553 INFO [main] org.apache.catalina.startup.VersionLoggerListener.log Server number:         9.0.0.0
26-Apr-2017 14:15:09.553 INFO [main] org.apache.catalina.startup.VersionLoggerListener.log OS Name:               Windows 10
26-Apr-2017 14:15:09.553 INFO [main] org.apache.catalina.startup.VersionLoggerListener.log OS Version:            10.0
26-Apr-2017 14:15:09.553 INFO [main] org.apache.catalina.startup.VersionLoggerListener.log Architecture:          amd64
26-Apr-2017 14:15:09.554 INFO [main] org.apache.catalina.startup.VersionLoggerListener.log Java Home:             C:\Program Files\Java\jdk1.8.0_71\jre
26-Apr-2017 14:15:09.554 INFO [main] org.apache.catalina.startup.VersionLoggerListener.log JVM Version:           1.8.0_71-b15
26-Apr-2017 14:15:09.554 INFO [main] org.apache.catalina.startup.VersionLoggerListener.log JVM Vendor:            Oracle Corporation
26-Apr-2017 14:15:09.554 INFO [main] org.apache.catalina.startup.VersionLoggerListener.log CATALINA_BASE:         C:\Users\Admin\Desktop\Current Classwork\Spring 2017\CSE 135\cse135_project\tomcat
26-Apr-2017 14:15:09.555 INFO [main] org.apache.catalina.startup.VersionLoggerListener.log CATALINA_HOME:         C:\Users\Admin\Desktop\Current Classwork\Spring 2017\CSE 135\cse135_project\tomcat
26-Apr-2017 14:15:09.555 INFO [main] org.apache.catalina.startup.VersionLoggerListener.log Command line argument: -Djava.util.logging.config.file=C:\Users\Admin\Desktop\Current Classwork\Spring 2017\CSE 135\cse135_project\tomcat\conf\logging.properties
26-Apr-2017 14:15:09.555 INFO [main] org.apache.catalina.startup.VersionLoggerListener.log Command line argument: -Djava.util.logging.manager=org.apache.juli.ClassLoaderLogManager
26-Apr-2017 14:15:09.556 INFO [main] org.apache.catalina.startup.VersionLoggerListener.log Command line argument: -Djdk.tls.ephemeralDHKeySize=2048
26-Apr-2017 14:15:09.556 INFO [main] org.apache.catalina.startup.VersionLoggerListener.log Command line argument: -Djava.protocol.handler.pkgs=org.apache.catalina.webresources
26-Apr-2017 14:15:09.557 INFO [main] org.apache.catalina.startup.VersionLoggerListener.log Command line argument: -Dcatalina.base=C:\Users\Admin\Desktop\Current Classwork\Spring 2017\CSE 135\cse135_project\tomcat
26-Apr-2017 14:15:09.557 INFO [main] org.apache.catalina.startup.VersionLoggerListener.log Command line argument: -Dcatalina.home=C:\Users\Admin\Desktop\Current Classwork\Spring 2017\CSE 135\cse135_project\tomcat
26-Apr-2017 14:15:09.557 INFO [main] org.apache.catalina.startup.VersionLoggerListener.log Command line argument: -Djava.io.tmpdir=C:\Users\Admin\Desktop\Current Classwork\Spring 2017\CSE 135\cse135_project\tomcat\temp
26-Apr-2017 14:15:09.558 INFO [main] org.apache.catalina.core.AprLifecycleListener.lifecycleEvent Loaded APR based Apache Tomcat Native library 1.2.12 using APR version 1.5.2.
26-Apr-2017 14:15:09.558 INFO [main] org.apache.catalina.core.AprLifecycleListener.lifecycleEvent APR capabilities: IPv6 [true], sendfile [true], accept filters [false], random [true].
26-Apr-2017 14:15:09.558 INFO [main] org.apache.catalina.core.AprLifecycleListener.lifecycleEvent APR/OpenSSL configuration: useAprConnector [false], useOpenSSL [true]
26-Apr-2017 14:15:10.177 INFO [main] org.apache.catalina.core.AprLifecycleListener.initializeSSL OpenSSL successfully initialized (OpenSSL 1.0.2k  26 Jan 2017)
26-Apr-2017 14:15:10.282 INFO [main] org.apache.coyote.AbstractProtocol.init Initializing ProtocolHandler ["http-nio-9999"]
26-Apr-2017 14:15:10.302 INFO [main] org.apache.tomcat.util.net.NioSelectorPool.getSharedSelector Using a shared selector for servlet write/read
26-Apr-2017 14:15:10.305 INFO [main] org.apache.coyote.AbstractProtocol.init Initializing ProtocolHandler ["ajp-nio-8009"]
26-Apr-2017 14:15:10.309 INFO [main] org.apache.tomcat.util.net.NioSelectorPool.getSharedSelector Using a shared selector for servlet write/read
26-Apr-2017 14:15:10.309 INFO [main] org.apache.catalina.startup.Catalina.load Initialization processed in 1058 ms
26-Apr-2017 14:15:10.340 INFO [main] org.apache.catalina.core.StandardService.startInternal Starting service Catalina
26-Apr-2017 14:15:10.340 INFO [main] org.apache.catalina.core.StandardEngine.startInternal Starting Servlet Engine: Apache Tomcat/9.0.0.M19
26-Apr-2017 14:15:10.351 INFO [main] org.apache.catalina.startup.HostConfig.deployDirectory Deploying web application directory C:\Users\Admin\Desktop\Current Classwork\Spring 2017\CSE 135\cse135_project\tomcat\webapps\docs
26-Apr-2017 14:15:10.644 INFO [main] org.apache.catalina.startup.HostConfig.deployDirectory Deployment of web application directory C:\Users\Admin\Desktop\Current Classwork\Spring 2017\CSE 135\cse135_project\tomcat\webapps\docs has finished in 293 ms
26-Apr-2017 14:15:10.644 INFO [main] org.apache.catalina.startup.HostConfig.deployDirectory Deploying web application directory C:\Users\Admin\Desktop\Current Classwork\Spring 2017\CSE 135\cse135_project\tomcat\webapps\examples
26-Apr-2017 14:15:11.047 INFO [main] org.apache.catalina.startup.HostConfig.deployDirectory Deployment of web application directory C:\Users\Admin\Desktop\Current Classwork\Spring 2017\CSE 135\cse135_project\tomcat\webapps\examples has finished in 403 ms
26-Apr-2017 14:15:11.047 INFO [main] org.apache.catalina.startup.HostConfig.deployDirectory Deploying web application directory C:\Users\Admin\Desktop\Current Classwork\Spring 2017\CSE 135\cse135_project\tomcat\webapps\home
26-Apr-2017 14:15:11.073 INFO [main] org.apache.catalina.startup.HostConfig.deployDirectory Deployment of web application directory C:\Users\Admin\Desktop\Current Classwork\Spring 2017\CSE 135\cse135_project\tomcat\webapps\home has finished in 26 ms
26-Apr-2017 14:15:11.074 INFO [main] org.apache.catalina.startup.HostConfig.deployDirectory Deploying web application directory C:\Users\Admin\Desktop\Current Classwork\Spring 2017\CSE 135\cse135_project\tomcat\webapps\host-manager
26-Apr-2017 14:15:11.103 INFO [main] org.apache.catalina.startup.HostConfig.deployDirectory Deployment of web application directory C:\Users\Admin\Desktop\Current Classwork\Spring 2017\CSE 135\cse135_project\tomcat\webapps\host-manager has finished in 29 ms
26-Apr-2017 14:15:11.103 INFO [main] org.apache.catalina.startup.HostConfig.deployDirectory Deploying web application directory C:\Users\Admin\Desktop\Current Classwork\Spring 2017\CSE 135\cse135_project\tomcat\webapps\manager
26-Apr-2017 14:15:11.133 INFO [main] org.apache.catalina.startup.HostConfig.deployDirectory Deployment of web application directory C:\Users\Admin\Desktop\Current Classwork\Spring 2017\CSE 135\cse135_project\tomcat\webapps\manager has finished in 30 ms
26-Apr-2017 14:15:11.134 INFO [main] org.apache.catalina.startup.HostConfig.deployDirectory Deploying web application directory C:\Users\Admin\Desktop\Current Classwork\Spring 2017\CSE 135\cse135_project\tomcat\webapps\ROOT
26-Apr-2017 14:15:11.155 INFO [main] org.apache.catalina.startup.HostConfig.deployDirectory Deployment of web application directory C:\Users\Admin\Desktop\Current Classwork\Spring 2017\CSE 135\cse135_project\tomcat\webapps\ROOT has finished in 22 ms
26-Apr-2017 14:15:11.157 INFO [main] org.apache.coyote.AbstractProtocol.start Starting ProtocolHandler ["http-nio-9999"]
26-Apr-2017 14:15:11.165 INFO [main] org.apache.coyote.AbstractProtocol.start Starting ProtocolHandler ["ajp-nio-8009"]
26-Apr-2017 14:15:11.168 INFO [main] org.apache.catalina.startup.Catalina.start Server startup in 857 ms
26-Apr-2017 14:17:17.564 INFO [Thread-5] org.apache.coyote.AbstractProtocol.pause Pausing ProtocolHandler ["http-nio-9999"]
26-Apr-2017 14:17:17.687 INFO [Thread-5] org.apache.coyote.AbstractProtocol.pause Pausing ProtocolHandler ["ajp-nio-8009"]
26-Apr-2017 14:17:17.810 INFO [Thread-5] org.apache.catalina.core.StandardService.stopInternal Stopping service Catalina
26-Apr-2017 14:17:17.863 INFO [Thread-5] org.apache.coyote.AbstractProtocol.stop Stopping ProtocolHandler ["http-nio-9999"]
26-Apr-2017 14:17:17.865 INFO [Thread-5] org.apache.coyote.AbstractProtocol.stop Stopping ProtocolHandler ["ajp-nio-8009"]
26-Apr-2017 14:17:17.866 INFO [Thread-5] org.apache.coyote.AbstractProtocol.destroy Destroying ProtocolHandler ["http-nio-9999"]
26-Apr-2017 14:17:17.867 INFO [Thread-5] org.apache.coyote.AbstractProtocol.destroy Destroying ProtocolHandler ["ajp-nio-8009"]
